2025-08-27T21:45:42: INFO:__main__:Base de datos inicializada correctamente
2025-08-27T21:45:42: INFO:__main__:Base de datos inicializada correctamente
2025-08-27T21:45:42: INFO:     Started server process [118389]
2025-08-27T21:45:42: INFO:     Waiting for application startup.
2025-08-27T21:45:42: INFO:     Application startup complete.
2025-08-27T21:45:42: ERROR:    [Errno 98] error while attempting to bind on address ('0.0.0.0', 8001): [errno 98] address already in use
2025-08-27T21:45:42: INFO:     Waiting for application shutdown.
2025-08-27T21:45:42: INFO:     Application shutdown complete.
2025-08-27T21:45:44: INFO:__main__:Base de datos inicializada correctamente
2025-08-27T21:45:44: INFO:__main__:Base de datos inicializada correctamente
2025-08-27T21:45:44: INFO:     Started server process [118393]
2025-08-27T21:45:44: INFO:     Waiting for application startup.
2025-08-27T21:45:44: INFO:     Application startup complete.
2025-08-27T21:45:44: ERROR:    [Errno 98] error while attempting to bind on address ('0.0.0.0', 8001): [errno 98] address already in use
2025-08-27T21:45:44: INFO:     Waiting for application shutdown.
2025-08-27T21:45:44: INFO:     Application shutdown complete.
2025-08-27T21:45:46: INFO:__main__:Base de datos inicializada correctamente
2025-08-27T21:45:46: INFO:__main__:Base de datos inicializada correctamente
2025-08-27T21:45:46: INFO:     Started server process [118396]
2025-08-27T21:45:46: INFO:     Waiting for application startup.
2025-08-27T21:45:46: INFO:     Application startup complete.
2025-08-27T21:45:46: ERROR:    [Errno 98] error while attempting to bind on address ('0.0.0.0', 8001): [errno 98] address already in use
2025-08-27T21:45:46: INFO:     Waiting for application shutdown.
2025-08-27T21:45:46: INFO:     Application shutdown complete.
2025-08-27T21:45:49: INFO:__main__:Base de datos inicializada correctamente
2025-08-27T21:45:49: INFO:__main__:Base de datos inicializada correctamente
2025-08-27T21:45:49: INFO:     Started server process [118402]
2025-08-27T21:45:49: INFO:     Waiting for application startup.
2025-08-27T21:45:49: INFO:     Application startup complete.
2025-08-27T21:45:49: ERROR:    [Errno 98] error while attempting to bind on address ('0.0.0.0', 8001): [errno 98] address already in use
2025-08-27T21:45:49: INFO:     Waiting for application shutdown.
2025-08-27T21:45:49: INFO:     Application shutdown complete.
2025-08-27T21:45:51: INFO:__main__:Base de datos inicializada correctamente
2025-08-27T21:45:51: INFO:__main__:Base de datos inicializada correctamente
2025-08-27T21:45:51: INFO:     Started server process [118408]
2025-08-27T21:45:51: INFO:     Waiting for application startup.
2025-08-27T21:45:51: INFO:     Application startup complete.
2025-08-27T21:45:51: ERROR:    [Errno 98] error while attempting to bind on address ('0.0.0.0', 8001): [errno 98] address already in use
2025-08-27T21:45:51: INFO:     Waiting for application shutdown.
2025-08-27T21:45:51: INFO:     Application shutdown complete.
2025-08-27T21:45:53: INFO:__main__:Base de datos inicializada correctamente
2025-08-27T21:45:53: INFO:__main__:Base de datos inicializada correctamente
2025-08-27T21:45:53: INFO:     Started server process [118411]
2025-08-27T21:45:53: INFO:     Waiting for application startup.
2025-08-27T21:45:53: INFO:     Application startup complete.
2025-08-27T21:45:53: ERROR:    [Errno 98] error while attempting to bind on address ('0.0.0.0', 8001): [errno 98] address already in use
2025-08-27T21:45:53: INFO:     Waiting for application shutdown.
2025-08-27T21:45:53: INFO:     Application shutdown complete.
2025-08-27T21:45:55: INFO:__main__:Base de datos inicializada correctamente
2025-08-27T21:45:55: INFO:__main__:Base de datos inicializada correctamente
2025-08-27T21:45:55: INFO:     Started server process [118414]
2025-08-27T21:45:55: INFO:     Waiting for application startup.
2025-08-27T21:45:55: INFO:     Application startup complete.
2025-08-27T21:45:55: ERROR:    [Errno 98] error while attempting to bind on address ('0.0.0.0', 8001): [errno 98] address already in use
2025-08-27T21:45:55: INFO:     Waiting for application shutdown.
2025-08-27T21:45:55: INFO:     Application shutdown complete.
2025-08-27T21:45:57: INFO:__main__:Base de datos inicializada correctamente
2025-08-27T21:45:57: INFO:__main__:Base de datos inicializada correctamente
2025-08-27T21:45:57: INFO:     Started server process [118417]
2025-08-27T21:45:57: INFO:     Waiting for application startup.
2025-08-27T21:45:57: INFO:     Application startup complete.
2025-08-27T21:45:57: ERROR:    [Errno 98] error while attempting to bind on address ('0.0.0.0', 8001): [errno 98] address already in use
2025-08-27T21:45:57: INFO:     Waiting for application shutdown.
2025-08-27T21:45:57: INFO:     Application shutdown complete.
2025-08-27T21:45:59: INFO:__main__:Base de datos inicializada correctamente
2025-08-27T21:45:59: INFO:__main__:Base de datos inicializada correctamente
2025-08-27T21:45:59: INFO:     Started server process [118420]
2025-08-27T21:45:59: INFO:     Waiting for application startup.
2025-08-27T21:45:59: INFO:     Application startup complete.
2025-08-27T21:45:59: ERROR:    [Errno 98] error while attempting to bind on address ('0.0.0.0', 8001): [errno 98] address already in use
2025-08-27T21:45:59: INFO:     Waiting for application shutdown.
2025-08-27T21:45:59: INFO:     Application shutdown complete.
2025-08-27T21:46:01: INFO:__main__:Base de datos inicializada correctamente
2025-08-27T21:46:01: INFO:__main__:Base de datos inicializada correctamente
2025-08-27T21:46:01: INFO:     Started server process [118427]
2025-08-27T21:46:01: INFO:     Waiting for application startup.
2025-08-27T21:46:01: INFO:     Application startup complete.
2025-08-27T21:46:01: ERROR:    [Errno 98] error while attempting to bind on address ('0.0.0.0', 8001): [errno 98] address already in use
2025-08-27T21:46:01: INFO:     Waiting for application shutdown.
2025-08-27T21:46:01: INFO:     Application shutdown complete.
2025-08-27T22:29:19: INFO:__main__:Base de datos inicializada correctamente
2025-08-27T22:29:19: INFO:__main__:Base de datos inicializada correctamente
2025-08-27T22:29:20: INFO:     Started server process [121159]
2025-08-27T22:29:20: INFO:     Waiting for application startup.
2025-08-27T22:29:20: INFO:     Application startup complete.
2025-08-27T22:29:20: ERROR:    [Errno 98] error while attempting to bind on address ('0.0.0.0', 8001): [errno 98] address already in use
2025-08-27T22:29:20: INFO:     Waiting for application shutdown.
2025-08-27T22:29:20: INFO:     Application shutdown complete.
2025-08-27T22:29:21: INFO:__main__:Base de datos inicializada correctamente
2025-08-27T22:29:22: INFO:__main__:Base de datos inicializada correctamente
2025-08-27T22:29:22: INFO:     Started server process [121162]
2025-08-27T22:29:22: INFO:     Waiting for application startup.
2025-08-27T22:29:22: INFO:     Application startup complete.
2025-08-27T22:29:22: ERROR:    [Errno 98] error while attempting to bind on address ('0.0.0.0', 8001): [errno 98] address already in use
2025-08-27T22:29:22: INFO:     Waiting for application shutdown.
2025-08-27T22:29:22: INFO:     Application shutdown complete.
2025-08-27T22:29:23: INFO:__main__:Base de datos inicializada correctamente
2025-08-27T22:29:24: INFO:__main__:Base de datos inicializada correctamente
2025-08-27T22:29:24: INFO:     Started server process [121165]
2025-08-27T22:29:24: INFO:     Waiting for application startup.
2025-08-27T22:29:24: INFO:     Application startup complete.
2025-08-27T22:29:24: ERROR:    [Errno 98] error while attempting to bind on address ('0.0.0.0', 8001): [errno 98] address already in use
2025-08-27T22:29:24: INFO:     Waiting for application shutdown.
2025-08-27T22:29:24: INFO:     Application shutdown complete.
2025-08-27T22:29:26: INFO:__main__:Base de datos inicializada correctamente
2025-08-27T22:29:26: INFO:__main__:Base de datos inicializada correctamente
2025-08-27T22:29:26: INFO:     Started server process [121170]
2025-08-27T22:29:26: INFO:     Waiting for application startup.
2025-08-27T22:29:26: INFO:     Application startup complete.
2025-08-27T22:29:26: ERROR:    [Errno 98] error while attempting to bind on address ('0.0.0.0', 8001): [errno 98] address already in use
2025-08-27T22:29:26: INFO:     Waiting for application shutdown.
2025-08-27T22:29:26: INFO:     Application shutdown complete.
2025-08-27T22:29:28: INFO:__main__:Base de datos inicializada correctamente
2025-08-27T22:29:28: INFO:__main__:Base de datos inicializada correctamente
2025-08-27T22:29:28: INFO:     Started server process [121174]
2025-08-27T22:29:28: INFO:     Waiting for application startup.
2025-08-27T22:29:28: INFO:     Application startup complete.
2025-08-27T22:29:28: ERROR:    [Errno 98] error while attempting to bind on address ('0.0.0.0', 8001): [errno 98] address already in use
2025-08-27T22:29:28: INFO:     Waiting for application shutdown.
2025-08-27T22:29:28: INFO:     Application shutdown complete.
2025-08-27T22:29:30: INFO:__main__:Base de datos inicializada correctamente
2025-08-27T22:29:30: INFO:__main__:Base de datos inicializada correctamente
2025-08-27T22:29:30: INFO:     Started server process [121177]
2025-08-27T22:29:30: INFO:     Waiting for application startup.
2025-08-27T22:29:30: INFO:     Application startup complete.
2025-08-27T22:29:30: ERROR:    [Errno 98] error while attempting to bind on address ('0.0.0.0', 8001): [errno 98] address already in use
2025-08-27T22:29:30: INFO:     Waiting for application shutdown.
2025-08-27T22:29:30: INFO:     Application shutdown complete.
2025-08-27T22:29:32: INFO:__main__:Base de datos inicializada correctamente
2025-08-27T22:29:32: INFO:__main__:Base de datos inicializada correctamente
2025-08-27T22:29:32: INFO:     Started server process [121186]
2025-08-27T22:29:32: INFO:     Waiting for application startup.
2025-08-27T22:29:32: INFO:     Application startup complete.
2025-08-27T22:29:32: ERROR:    [Errno 98] error while attempting to bind on address ('0.0.0.0', 8001): [errno 98] address already in use
2025-08-27T22:29:32: INFO:     Waiting for application shutdown.
2025-08-27T22:29:32: INFO:     Application shutdown complete.
2025-08-27T22:29:34: INFO:__main__:Base de datos inicializada correctamente
2025-08-27T22:29:34: INFO:__main__:Base de datos inicializada correctamente
2025-08-27T22:29:34: INFO:     Started server process [121189]
2025-08-27T22:29:34: INFO:     Waiting for application startup.
2025-08-27T22:29:34: INFO:     Application startup complete.
2025-08-27T22:29:34: ERROR:    [Errno 98] error while attempting to bind on address ('0.0.0.0', 8001): [errno 98] address already in use
2025-08-27T22:29:34: INFO:     Waiting for application shutdown.
2025-08-27T22:29:34: INFO:     Application shutdown complete.
2025-08-27T22:29:36: INFO:__main__:Base de datos inicializada correctamente
2025-08-27T22:29:36: INFO:__main__:Base de datos inicializada correctamente
2025-08-27T22:29:36: INFO:     Started server process [121192]
2025-08-27T22:29:36: INFO:     Waiting for application startup.
2025-08-27T22:29:36: INFO:     Application startup complete.
2025-08-27T22:29:36: ERROR:    [Errno 98] error while attempting to bind on address ('0.0.0.0', 8001): [errno 98] address already in use
2025-08-27T22:29:36: INFO:     Waiting for application shutdown.
2025-08-27T22:29:36: INFO:     Application shutdown complete.
2025-08-27T22:29:38: INFO:__main__:Base de datos inicializada correctamente
2025-08-27T22:29:38: INFO:__main__:Base de datos inicializada correctamente
2025-08-27T22:29:38: INFO:     Started server process [121197]
2025-08-27T22:29:38: INFO:     Waiting for application startup.
2025-08-27T22:29:38: INFO:     Application startup complete.
2025-08-27T22:29:38: ERROR:    [Errno 98] error while attempting to bind on address ('0.0.0.0', 8001): [errno 98] address already in use
2025-08-27T22:29:38: INFO:     Waiting for application shutdown.
2025-08-27T22:29:38: INFO:     Application shutdown complete.
